\BOOKMARK [1][-]{section.1}{\376\377\225\356\230\230\221\315\217\360}{}% 1
\BOOKMARK [1][-]{section.2}{\376\377\225\356\230\230\122\006\147\220}{}% 2
\BOOKMARK [2][-]{subsection.2.1}{\376\377\225\356\230\230\116\000\166\204\122\006\147\220}{section.2}% 3
\BOOKMARK [2][-]{subsection.2.2}{\376\377\225\356\230\230\116\214\166\204\122\006\147\220}{section.2}% 4
\BOOKMARK [1][-]{section.3}{\376\377\152\041\127\213\120\107\213\276}{}% 5
\BOOKMARK [1][-]{section.4}{\376\377\173\046\123\367\213\364\146\016}{}% 6
\BOOKMARK [1][-]{section.5}{\376\377\152\041\127\213\166\204\136\372\172\313\116\016\154\102\211\343}{}% 7
\BOOKMARK [2][-]{subsection.5.1}{\376\377\225\356\230\230\152\041\127\213\116\000\166\204\136\372\172\313\116\016\154\102\211\343}{section.5}% 8
\BOOKMARK [3][-]{subsubsection.5.1.1}{\376\377\152\041\127\213\166\204\136\372\172\313}{subsection.5.1}% 9
\BOOKMARK [3][-]{subsubsection.5.1.2}{\376\377\152\041\127\213\166\204\154\102\211\343}{subsection.5.1}% 10
\BOOKMARK [3][-]{subsubsection.5.1.3}{\376\377\176\323\147\234\134\125\171\072}{subsection.5.1}% 11
\BOOKMARK [2][-]{subsection.5.2}{\376\377\225\356\230\230\116\214\152\041\127\213\166\204\136\372\172\313\116\016\154\102\211\343}{section.5}% 12
\BOOKMARK [3][-]{subsubsection.5.2.1}{\376\377\152\041\127\213\166\204\136\372\172\313}{subsection.5.2}% 13
\BOOKMARK [3][-]{subsubsection.5.2.2}{\376\377\152\041\127\213\166\204\154\102\211\343}{subsection.5.2}% 14
\BOOKMARK [1][-]{section.6}{\376\377\152\041\127\213\166\204\122\006\147\220\116\016\150\300\232\214}{}% 15
\BOOKMARK [2][-]{subsection.6.1}{\376\377\225\356\230\230\116\000\152\041\127\213\166\204\122\006\147\220\116\016\150\300\232\214}{section.6}% 16
\BOOKMARK [2][-]{subsection.6.2}{\376\377\225\356\230\230\116\214\152\041\127\213\166\204\122\006\147\220\116\016\150\300\232\214}{section.6}% 17
\BOOKMARK [1][-]{section.7}{\376\377\152\041\127\213\166\204\213\304\116\367\116\016\145\071\217\333}{}% 18
\BOOKMARK [2][-]{subsection.7.1}{\376\377\152\041\127\213\166\204\117\030\160\271}{section.7}% 19
\BOOKMARK [2][-]{subsection.7.2}{\376\377\152\041\127\213\166\204\177\072\160\271}{section.7}% 20
\BOOKMARK [2][-]{subsection.7.3}{\376\377\152\041\127\213\166\204\145\071\217\333}{section.7}% 21
