\BOOKMARK [1][-]{section.1}{\376\377\225\356\230\230\221\315\217\360}{}% 1
\BOOKMARK [2][-]{subsection.1.1}{\376\377\225\356\230\230\200\314\146\157}{section.1}% 2
\BOOKMARK [2][-]{subsection.1.2}{\376\377\225\356\230\230\143\320\121\372}{section.1}% 3
\BOOKMARK [1][-]{section.2}{\376\377\225\356\230\230\122\006\147\220}{}% 4
\BOOKMARK [2][-]{subsection.2.1}{\376\377\225\356\230\230\116\000\166\204\122\006\147\220}{section.2}% 5
\BOOKMARK [2][-]{subsection.2.2}{\376\377\225\356\230\230\116\214\166\204\122\006\147\220}{section.2}% 6
\BOOKMARK [2][-]{subsection.2.3}{\376\377\225\356\230\230\116\011\166\204\122\006\147\220}{section.2}% 7
\BOOKMARK [1][-]{section.3}{\376\377\152\041\127\213\120\107\213\276}{}% 8
\BOOKMARK [1][-]{section.4}{\376\377\173\046\123\367\213\364\146\016}{}% 9
\BOOKMARK [1][-]{section.5}{\376\377\152\041\127\213\166\204\136\372\172\313\116\016\154\102\211\343}{}% 10
\BOOKMARK [2][-]{subsection.5.1}{\376\377\225\356\230\230\152\041\127\213\116\000\166\204\136\372\172\313\116\016\154\102\211\343}{section.5}% 11
\BOOKMARK [3][-]{subsubsection.5.1.1}{\376\377\152\041\127\213\166\204\136\372\172\313}{subsection.5.1}% 12
\BOOKMARK [3][-]{subsubsection.5.1.2}{\376\377\152\041\127\213\166\204\154\102\211\343}{subsection.5.1}% 13
\BOOKMARK [2][-]{subsection.5.2}{\376\377\225\356\230\230\116\214\152\041\127\213\166\204\136\372\172\313\116\016\154\102\211\343}{section.5}% 14
\BOOKMARK [3][-]{subsubsection.5.2.1}{\376\377\152\041\127\213\166\204\136\372\172\313}{subsection.5.2}% 15
\BOOKMARK [3][-]{subsubsection.5.2.2}{\376\377\152\041\127\213\166\204\154\102\211\343}{subsection.5.2}% 16
\BOOKMARK [2][-]{subsection.5.3}{\376\377\225\356\230\230\116\011\152\041\127\213\166\204\136\372\172\313\116\016\154\102\211\343}{section.5}% 17
\BOOKMARK [3][-]{subsubsection.5.3.1}{\376\377\152\041\127\213\166\204\136\372\172\313}{subsection.5.3}% 18
\BOOKMARK [3][-]{subsubsection.5.3.2}{\376\377\152\041\127\213\166\204\154\102\211\343}{subsection.5.3}% 19
\BOOKMARK [1][-]{section.6}{\376\377\152\041\127\213\166\204\122\006\147\220\116\016\150\300\232\214}{}% 20
\BOOKMARK [1][-]{section.7}{\376\377\152\041\127\213\166\204\213\304\116\367\060\001\145\071\217\333\116\016\143\250\136\177}{}% 21
\BOOKMARK [2][-]{subsection.7.1}{\376\377\152\041\127\213\166\204\117\030\160\271}{section.7}% 22
\BOOKMARK [2][-]{subsection.7.2}{\376\377\152\041\127\213\166\204\177\072\160\271}{section.7}% 23
\BOOKMARK [2][-]{subsection.7.3}{\376\377\152\041\127\213\166\204\145\071\217\333}{section.7}% 24
\BOOKMARK [2][-]{subsection.7.4}{\376\377\152\041\127\213\166\204\143\250\136\177}{section.7}% 25
